<?xml version="1.0" encoding="UTF-8"?>
<!-- Generated by org.testng.reporters.JUnitReportReporter -->
<testsuite hostname="LAPTOP-5KMFOFH9" failures="0" tests="1" name="newScenarios.TestForToogleSetup" time="13.842" errors="0" timestamp="2024-01-16T14:02:25 IST" skipped="0">
  <testcase classname="newScenarios.TestForToogleSetup" name="networkconfig" time="13.842"/>
  <system-out/>
</testsuite> <!-- newScenarios.TestForToogleSetup -->
