<?xml version="1.0" encoding="UTF-8"?>
<!-- Generated by org.testng.reporters.JUnitReportReporter -->
<testsuite hostname="LAPTOP-5KMFOFH9" failures="0" tests="1" name="newScenarios.Lock_UNlockDEvice" time="10.036" errors="0" timestamp="2024-01-16T13:56:20 IST" skipped="0">
  <testcase classname="newScenarios.Lock_UNlockDEvice" name="testLockUnlock" time="10.036"/>
  <system-out/>
</testsuite> <!-- newScenarios.Lock_UNlockDEvice -->
