<?xml version="1.0" encoding="UTF-8"?>
<!-- Generated by org.testng.reporters.JUnitReportReporter -->
<testsuite hostname="LAPTOP-5KMFOFH9" failures="0" tests="1" name="newScenarios.KeyboardAction" time="19.534" errors="0" timestamp="2024-01-15T18:48:26 IST" skipped="0">
  <testcase classname="newScenarios.KeyboardAction" name="f" time="19.534"/>
  <system-out/>
</testsuite> <!-- newScenarios.KeyboardAction -->
